<?xml version="1.0" encoding="UTF-8"?>
<!-- Generated by org.testng.reporters.JUnitReportReporter -->
<testsuite skipped="0" hostname="DESKTOP-BD2581E" name="StepsDefinition.TestRunner" tests="4" failures="0" timestamp="27 Oct 2020 10:04:13 GMT" time="6.304" errors="0">
  <testcase name="api_for_foreign_exchange" time="0.807" classname="StepsDefinition.TestRunner"/>
  <testcase name="posted_with_future_date_value" time="3.603" classname="StepsDefinition.TestRunner"/>
  <testcase name="validate_positive_response_code_received" time="0.015" classname="StepsDefinition.TestRunner"/>
  <testcase name="posted_with_future_date_value" time="1.879" classname="StepsDefinition.TestRunner"/>
</testsuite> <!-- StepsDefinition.TestRunner -->
